
FileVersion:        2

ResolutionOfTime:   msec

Experiment:         protocol_avatars_static_images 

BackgroundColor:    0 0 0
TextColor:          255 255 202

TimeCourseColor:    255 255 255
TimeCourseThick:    3
ReferenceFuncColor: 192 192 192
ReferenceFuncThick: 50

NrOfConditions:  5

Neutral 
8
32000 40000
40000 48000
88000 96000
144000 152000
192000 200000
208000 216000
256000 264000
280000 288000
Color: 0 128 255

Happy 
8
24000 32000
64000 72000
80000 88000
128000 136000
176000 184000
224000 232000
264000 272000
304000 312000
Color: 0 255 255

Sad 
8
   0 8000
48000 56000
104000 112000
152000 160000
168000 176000
232000 240000
272000 280000
312000 320000
Color: 128 255 128

Alternate 
8
16000 24000
56000 64000
112000 120000
136000 144000
184000 192000
216000 224000
240000 248000
296000 304000
Color: 255 255 0

Movement 
8
8000 16000
72000 80000
96000 104000
120000 128000
160000 168000
200000 208000
248000 256000
288000 296000
Color: 255 128 0


