
FileVersion:        2

ResolutionOfTime:   msec

Experiment:         protocol_avatars_static_images

BackgroundColor:    0 0 0
TextColor:          255 255 202
TimeCourseColor:    255 255 255
TimeCourseThick:    3
ReferenceFuncColor: 192 192 192
ReferenceFuncThick: 50

NrOfConditions:     4

Neutral
13
       0    24000
   48000    72000
   96000   120000
  144000   168000
  192000   216000
  240000   264000
  288000   312000
  336000   360000
  384000   408000
  432000   456000
  480000   504000
  528000   552000
  576000   600000
Color: 0 128 255

Happy
4
   72000    96000
  264000   288000
  360000   384000
  456000   480000
Color: 0 255 255

Sad
4
   24000    48000
  216000   240000
  312000   336000
  552000   576000
Color: 0 255 128

Alternate
4
  120000   144000
  168000   192000
  408000   432000
  504000   528000
Color: 255 255 0
